  [1m[35m (0.5ms)[0m  [1m[35mCREATE DATABASE "flat_cost_calculator_development" ENCODING = 'unicode'[0m
  [1m[35m (0.5ms)[0m  [1m[35mCREATE DATABASE "flat_cost_calculator_test" ENCODING = 'unicode'[0m
  [1m[35m (0.1ms)[0m  [1m[34mSELECT pg_try_advisory_lock(5760996406130799330)[0m
  [1m[35m (0.5ms)[0m  [1m[34mSELECT "schema_migrations"."version" FROM "schema_migrations" ORDER BY "schema_migrations"."version" ASC[0m
Migrating to DeviseCreateUsers (20200903102247)
  [1m[35m (0.1ms)[0m  [1m[35mBEGIN[0m
  [1m[35m (14.5ms)[0m  [1m[35mCREATE TABLE "users" ("id" bigserial primary key, "email" character varying DEFAULT '' NOT NULL, "encrypted_password" character varying DEFAULT '' NOT NULL, "reset_password_token" character varying, "reset_password_sent_at" timestamp, "remember_created_at" timestamp, "first_name" character varying, "last_name" character varying, "admin" boolean DEFAULT FALSE, "created_at" timestamp(6) NOT NULL, "updated_at" timestamp(6) NOT NULL)[0m
  [1m[35m (0.1ms)[0m  [1m[31mROLLBACK[0m
  [1m[35m (0.3ms)[0m  [1m[34mSELECT pg_advisory_unlock(5760996406130799330)[0m
  [1m[35m (0.6ms)[0m  [1m[34mSELECT "schema_migrations"."version" FROM "schema_migrations" ORDER BY "schema_migrations"."version" ASC[0m
  [1m[35m (0.2ms)[0m  [1m[34mSELECT "ar_internal_metadata"."value" FROM "ar_internal_metadata" WHERE "ar_internal_metadata"."key" = $1[0m  [["key", "environment"]]
  [1m[35m (0.1ms)[0m  [1m[34mSELECT "schema_migrations"."version" FROM "schema_migrations" ORDER BY "schema_migrations"."version" ASC[0m
  [1m[35m (0.1ms)[0m  [1m[34mSELECT "ar_internal_metadata"."value" FROM "ar_internal_metadata" WHERE "ar_internal_metadata"."key" = $1[0m  [["key", "environment"]]
  [1m[35m (0.1ms)[0m  [1m[34mSELECT "schema_migrations"."version" FROM "schema_migrations" ORDER BY "schema_migrations"."version" ASC[0m
  [1m[35m (0.1ms)[0m  [1m[34mSELECT "ar_internal_metadata"."value" FROM "ar_internal_metadata" WHERE "ar_internal_metadata"."key" = $1[0m  [["key", "environment"]]
  [1m[35m (29.5ms)[0m  [1m[35mDROP DATABASE IF EXISTS "flat_cost_calculator_development"[0m
  [1m[35m (16.1ms)[0m  [1m[35mDROP DATABASE IF EXISTS "flat_cost_calculator_test"[0m
  [1m[35m (58.0ms)[0m  [1m[35mCREATE DATABASE "flat_cost_calculator_development" ENCODING = 'unicode'[0m
  [1m[35m (50.5ms)[0m  [1m[35mCREATE DATABASE "flat_cost_calculator_test" ENCODING = 'unicode'[0m
  [1m[35m (4.0ms)[0m  [1m[35mCREATE TABLE "schema_migrations" ("version" character varying NOT NULL PRIMARY KEY)[0m
  [1m[35m (2.1ms)[0m  [1m[35mCREATE TABLE "ar_internal_metadata" ("key" character varying NOT NULL PRIMARY KEY, "value" character varying, "created_at" timestamp(6) NOT NULL, "updated_at" timestamp(6) NOT NULL)[0m
  [1m[35m (0.2ms)[0m  [1m[34mSELECT pg_try_advisory_lock(5760996406130799330)[0m
  [1m[35m (0.4ms)[0m  [1m[34mSELECT "schema_migrations"."version" FROM "schema_migrations" ORDER BY "schema_migrations"."version" ASC[0m
Migrating to DeviseCreateUsers (20200903102247)
  [1m[35m (0.1ms)[0m  [1m[35mBEGIN[0m
  [1m[35m (3.4ms)[0m  [1m[35mCREATE TABLE "users" ("id" bigserial primary key, "email" character varying DEFAULT '' NOT NULL, "encrypted_password" character varying DEFAULT '' NOT NULL, "reset_password_token" character varying, "reset_password_sent_at" timestamp, "remember_created_at" timestamp, "first_name" character varying, "last_name" character varying, "admin" boolean DEFAULT FALSE, "created_at" timestamp(6) NOT NULL, "updated_at" timestamp(6) NOT NULL)[0m
  [1m[35m (0.8ms)[0m  [1m[35mCREATE UNIQUE INDEX  "index_users_on_email" ON "users"  ("email")[0m
  [1m[35m (0.7ms)[0m  [1m[35mCREATE UNIQUE INDEX  "index_users_on_reset_password_token" ON "users"  ("reset_password_token")[0m
  [1m[36mprimary::SchemaMigration Create (0.3ms)[0m  [1m[32mINSERT INTO "schema_migrations" ("version") VALUES ($1) RETURNING "version"[0m  [["version", "20200903102247"]]
  [1m[35m (0.5ms)[0m  [1m[35mCOMMIT[0m
Migrating to CreateFriendlyIdSlugs (20200903102257)
  [1m[35m (6.0ms)[0m  [1m[35mBEGIN[0m
  [1m[35m (14.9ms)[0m  [1m[35mCREATE TABLE "friendly_id_slugs" ("id" bigserial primary key, "slug" character varying NOT NULL, "sluggable_id" integer NOT NULL, "sluggable_type" character varying(50), "scope" character varying, "created_at" timestamp)[0m
  [1m[35m (1.2ms)[0m  [1m[35mCREATE  INDEX  "index_friendly_id_slugs_on_sluggable_type_and_sluggable_id" ON "friendly_id_slugs"  ("sluggable_type", "sluggable_id")[0m
  [1m[35m (1.0ms)[0m  [1m[35mCREATE  INDEX  "index_friendly_id_slugs_on_slug_and_sluggable_type" ON "friendly_id_slugs"  ("slug", "sluggable_type")[0m
  [1m[35m (0.9ms)[0m  [1m[35mCREATE UNIQUE INDEX  "index_friendly_id_slugs_on_slug_and_sluggable_type_and_scope" ON "friendly_id_slugs"  ("slug", "sluggable_type", "scope")[0m
  [1m[36mprimary::SchemaMigration Create (0.2ms)[0m  [1m[32mINSERT INTO "schema_migrations" ("version") VALUES ($1) RETURNING "version"[0m  [["version", "20200903102257"]]
  [1m[35m (0.4ms)[0m  [1m[35mCOMMIT[0m
  [1m[36mActiveRecord::InternalMetadata Load (0.2ms)[0m  [1m[34mSELECT "ar_internal_metadata".* FROM "ar_internal_metadata" WHERE "ar_internal_metadata"."key" = $1 LIMIT $2[0m  [["key", "environment"], ["LIMIT", 1]]
  [1m[35m (0.1ms)[0m  [1m[35mBEGIN[0m
  [1m[36mActiveRecord::InternalMetadata Create (0.3ms)[0m  [1m[32mINSERT INTO "ar_internal_metadata" ("key", "value", "created_at", "updated_at") VALUES ($1, $2, $3, $4) RETURNING "key"[0m  [["key", "environment"], ["value", "development"], ["created_at", "2020-09-03 10:25:14.881550"], ["updated_at", "2020-09-03 10:25:14.881550"]]
  [1m[35m (0.6ms)[0m  [1m[35mCOMMIT[0m
  [1m[35m (0.3ms)[0m  [1m[34mSELECT pg_advisory_unlock(5760996406130799330)[0m
  [1m[35m (0.4ms)[0m  [1m[34mSELECT "schema_migrations"."version" FROM "schema_migrations" ORDER BY "schema_migrations"."version" ASC[0m
Started GET "/" for ::1 at 2020-09-03 22:25:52 +1200
  [1m[35m (0.4ms)[0m  [1m[34mSELECT "schema_migrations"."version" FROM "schema_migrations" ORDER BY "schema_migrations"."version" ASC[0m
Processing by HomeController#index as HTML
  Rendering home/index.html.erb within layouts/application
  Rendered home/index.html.erb within layouts/application (Duration: 1.0ms | Allocations: 375)
[Webpacker] Compiling...
[Webpacker] Compiled all packs in /Users/NORIE/code/arievdp/flat-cost-calculator/flat-cost-calculator/public/packs
[Webpacker] warning ../../package.json: No license field

risk - There are upcoming breaking changes: removeDeprecatedGapUtilities
risk - We highly recommend opting-in to these changes now to simplify upgrading Tailwind in the future.
risk - https://tailwindcss.com/docs/upcoming-changes

[Webpacker] Hash: 85e65af3d46fffee19ce
Version: webpack 4.44.1
Time: 7401ms
Built at: 09/03/2020 10:26:00 PM
                                                            Asset       Size       Chunks                         Chunk Names
                           js/application-b42fbe4551a6b5d5781c.js   3.29 MiB  application  [emitted] [immutable]  application
                       js/application-b42fbe4551a6b5d5781c.js.map   3.46 MiB  application  [emitted] [dev]        application
                                                    manifest.json  478 bytes               [emitted]              
media/images/icons/checkmark-be77d22f657e4b9eb30112031e480eaa.svg  119 bytes               [emitted]              
Entrypoint application = js/application-b42fbe4551a6b5d5781c.js js/application-b42fbe4551a6b5d5781c.js.map
[./app/javascript/channels sync recursive _channel\.js$] ./app/javascript/channels sync _channel\.js$ 160 bytes {application} [built]
[./app/javascript/channels/index.js] 211 bytes {application} [built]
[./app/javascript/images/icons/checkmark.svg] 111 bytes {application} [built]
[./app/javascript/packs/application.js] 785 bytes {application} [built]
[./app/javascript/stylesheets/application.scss] 664 bytes {application} [built]
[./node_modules/css-loader/dist/cjs.js?!./node_modules/postcss-loader/src/index.js?!./node_modules/sass-loader/dist/cjs.js?!./app/javascript/stylesheets/application.scss] ./node_modules/css-loader/dist/cjs.js??ref--7-1!./node_modules/postcss-loader/src??ref--7-2!./node_modules/sass-loader/dist/cjs.js??ref--7-3!./app/javascript/stylesheets/application.scss 3.16 MiB {application} [built]
[./node_modules/webpack/buildin/module.js] (webpack)/buildin/module.js 552 bytes {application} [built]
    + 6 hidden modules

  Rendered shared/_head.html.erb (Duration: 8653.6ms | Allocations: 16133)
  Rendered shared/_flash_notice.html.erb (Duration: 0.4ms | Allocations: 220)
  Rendered shared/_header.html.erb (Duration: 2.3ms | Allocations: 526)
Completed 200 OK in 8672ms (Views: 8663.1ms | ActiveRecord: 0.0ms | Allocations: 22375)


